<?xml version="1.0" encoding="UTF-8"?>
<!-- Generated by org.testng.reporters.JUnitXMLReporter -->
<testsuite ignored="8" hostname="ASCINLAP61434" failures="0" tests="5" name="Test" time="105.239" errors="0" timestamp="2025-10-25T16:56:59 IST">
  <testcase classname="com.firstcry.test.spooflogin" name="testLoginWithMobileNumberAndOTP" time="46.244"/>
  <testcase classname="com.firstcry.test.spoofsearchtest" name="testAddingProductToWishlistAndShortlist" time="18.036"/>
  <testcase classname="com.firstcry.test.spoofwislist" name="testAddingProductToWishlistAndShortlist" time="11.341"/>
  <testcase classname="com.firstcry.test.spoofa2d" name="testAddingProductToWishlistAndShortlist" time="12.8"/>
  <testcase classname="com.firstcry.test.WishlistToCart" name="removeFromCart" time="16.702"/>
  <testcase classname="com.firstcry.base.BaseTesting" name="@AfterSuite tearDownSuite" time="0.0">
    <ignored/>
  </testcase> <!-- @AfterSuite tearDownSuite -->
  <testcase classname="com.firstcry.base.BaseTesting" name="@BeforeSuite setupSuite" time="0.0">
    <ignored/>
  </testcase> <!-- @BeforeSuite setupSuite -->
  <testcase classname="com.firstcry.base.BaseTesting" name="@BeforeSuite setupSuite" time="0.0">
    <ignored/>
  </testcase> <!-- @BeforeSuite setupSuite -->
  <testcase classname="com.firstcry.base.BaseTesting" name="@AfterSuite tearDownSuite" time="0.0">
    <ignored/>
  </testcase> <!-- @AfterSuite tearDownSuite -->
  <testcase classname="com.firstcry.base.BaseTesting" name="@AfterSuite tearDownSuite" time="0.0">
    <ignored/>
  </testcase> <!-- @AfterSuite tearDownSuite -->
  <testcase classname="com.firstcry.base.BaseTesting" name="@BeforeSuite setupSuite" time="0.0">
    <ignored/>
  </testcase> <!-- @BeforeSuite setupSuite -->
  <testcase classname="com.firstcry.base.BaseTesting" name="@BeforeSuite setupSuite" time="0.0">
    <ignored/>
  </testcase> <!-- @BeforeSuite setupSuite -->
  <testcase classname="com.firstcry.base.BaseTesting" name="@AfterSuite tearDownSuite" time="0.0">
    <ignored/>
  </testcase> <!-- @AfterSuite tearDownSuite -->
</testsuite> <!-- Test -->
