<?xml version="1.0" encoding="UTF-8"?>
<!-- Generated by org.testng.reporters.JUnitXMLReporter -->
<testsuite ignored="2" hostname="ASCINLAP61434" failures="0" tests="2" name="Test3" time="32.038" errors="0" timestamp="2025-10-24T22:00:10 IST">
  <testcase classname="com.firstcry.base.BaseTest" name="@BeforeMethod setup" time="1.151">
    <failure type="java.lang.NullPointerException" message="Cannot invoke &amp;quot;com.aventstack.extentreports.ExtentReports.createTest(String)&amp;quot; because &amp;quot;this.extent&amp;quot; is null">
      <![CDATA[java.lang.NullPointerException: Cannot invoke "com.aventstack.extentreports.ExtentReports.createTest(String)" because "this.extent" is null
at com.firstcry.base.BaseTest.setup(BaseTest.java:41)
at java.base/java.util.ArrayList.forEach(ArrayList.java:1596)
... Removed 29 stack frames]]>
    </failure>
  </testcase> <!-- @BeforeMethod setup -->
  <testcase classname="com.firstcry.base.BaseTest" name="@AfterMethod teardown" time="0.0">
    <skipped/>
  </testcase> <!-- @AfterMethod teardown -->
  <testcase classname="com.firstcry.test.WishlistTest" name="testAddingProductToWishlistAndShortlist" time="26.97"/>
  <testcase classname="com.firstcry.test.A2CardTest" name="testAddingProductToWishlistAndShortlist" time="0.0">
    <skipped/>
  </testcase> <!-- testAddingProductToWishlistAndShortlist -->
  <testcase classname="com.firstcry.base.BaseTest" name="@AfterSuite flushreport" time="0.0">
    <ignored/>
  </testcase> <!-- @AfterSuite flushreport -->
  <testcase classname="com.firstcry.base.BaseTest" name="@BeforeSuite setupreport" time="0.0">
    <ignored/>
  </testcase> <!-- @BeforeSuite setupreport -->
</testsuite> <!-- Test3 -->
