<?xml version="1.0" encoding="UTF-8"?>
<!-- Generated by org.testng.reporters.JUnitXMLReporter -->
<testsuite ignored="8" hostname="ASCINLAP61434" failures="0" tests="5" name="Test" time="85.656" errors="0" timestamp="2025-10-28T00:09:26 IST">
  <testcase classname="com.firstcry.test.spooflogin" name="testLoginWithMobileNumberAndOTP" time="38.013"/>
  <testcase classname="com.firstcry.test.spoofsearchtest" name="searchbutton" time="11.093"/>
  <testcase classname="com.firstcry.test.spoofwislist" name="testAddingProductToWishlist" time="11.045"/>
  <testcase classname="com.firstcry.test.spoofa2d" name="testAddingProductToAddtocart" time="9.329"/>
  <testcase classname="com.firstcry.test.WishlistToCart" name="removeFromCart" time="15.572"/>
  <testcase classname="com.firstcry.base.BaseTesting" name="@BeforeSuite setupSuite" time="0.0">
    <ignored/>
  </testcase> <!-- @BeforeSuite setupSuite -->
  <testcase classname="com.firstcry.base.BaseTesting" name="@AfterSuite tearDownSuite" time="0.0">
    <ignored/>
  </testcase> <!-- @AfterSuite tearDownSuite -->
  <testcase classname="com.firstcry.base.BaseTesting" name="@AfterSuite tearDownSuite" time="0.0">
    <ignored/>
  </testcase> <!-- @AfterSuite tearDownSuite -->
  <testcase classname="com.firstcry.base.BaseTesting" name="@BeforeSuite setupSuite" time="0.0">
    <ignored/>
  </testcase> <!-- @BeforeSuite setupSuite -->
  <testcase classname="com.firstcry.base.BaseTesting" name="@BeforeSuite setupSuite" time="0.0">
    <ignored/>
  </testcase> <!-- @BeforeSuite setupSuite -->
  <testcase classname="com.firstcry.base.BaseTesting" name="@BeforeSuite setupSuite" time="0.0">
    <ignored/>
  </testcase> <!-- @BeforeSuite setupSuite -->
  <testcase classname="com.firstcry.base.BaseTesting" name="@AfterSuite tearDownSuite" time="0.0">
    <ignored/>
  </testcase> <!-- @AfterSuite tearDownSuite -->
  <testcase classname="com.firstcry.base.BaseTesting" name="@AfterSuite tearDownSuite" time="0.0">
    <ignored/>
  </testcase> <!-- @AfterSuite tearDownSuite -->
</testsuite> <!-- Test -->
