<?xml version="1.0" encoding="UTF-8"?>
<!-- Generated by org.testng.reporters.JUnitXMLReporter -->
<testsuite ignored="0" hostname="ASCENDI-CND5MG9" failures="4" tests="5" name="Test" time="51.431" errors="0" timestamp="2025-10-30T14:59:05 IST">
  <testcase classname="com.firstcryapp.test.Combined_FirstCry_App" name="TC_notification_1" time="2.284"/>
  <testcase classname="com.firstcryapp.test.Combined_FirstCry_App" name="TC_Login_2" time="10.696">
    <failure type="org.openqa.selenium.TimeoutException" message="Expected condition failed: waiting for visibility of element located by By.AndroidUIAutomator: new UiSelector().description(&amp;quot;0&amp;quot;).instance(1) (tried for 10 second(s) with 500 milliseconds interval)">
      <![CDATA[org.openqa.selenium.TimeoutException: Expected condition failed: waiting for visibility of element located by By.AndroidUIAutomator: new UiSelector().description("0").instance(1) (tried for 10 second(s) with 500 milliseconds interval)
at org.openqa.selenium.support.ui.WebDriverWait.timeoutException(WebDriverWait.java:95)
at org.openqa.selenium.support.ui.FluentWait.until(FluentWait.java:272)
at com.firstcryapp.test.Combined_FirstCry_App.waitForElementByAndroidUIAutomator(Combined_FirstCry_App.java:73)
at com.firstcryapp.test.Combined_FirstCry_App.TC_Login_2(Combined_FirstCry_App.java:101)
at java.base/java.util.ArrayList.forEach(ArrayList.java:1596)
Caused by: org.openqa.selenium.NoSuchElementException: An element could not be located on the page using the given search parameters.
For documentation on this error, please visit: https://www.seleniumhq.org/exceptions/no_such_element.html
Build info: version: '3.141.59', revision: 'e82be7d358', time: '2018-11-14T08:17:03'
System info: host: 'ASCENDI-CND5MG9', ip: '192.168.56.107', os.name: 'Windows 11', os.arch: 'amd64', os.version: '10.0', java.version: '21.0.8'
Driver info: io.appium.java_client.android.AndroidDriver
Capabilities {appActivity: com.android.calculator2.Cal..., appPackage: com.coloros.calculator, automationName: UiAutomator2, databaseEnabled: false, desired: {appActivity: com.android.calculator2.Cal..., appPackage: com.coloros.calculator, automationName: UiAutomator2, deviceName: OPPO F19s, disableHiddenApiPolicyManagement: true, ignoreHiddenApiPolicyError: true, newCommandTimeout: 300, noReset: true, platformName: android, platformVersion: 13, udid: 7c84fea}, deviceApiLevel: 33, deviceManufacturer: OPPO, deviceModel: CPH2223, deviceName: 7c84fea, deviceScreenDensity: 480, deviceScreenSize: 1080x2400, deviceUDID: 7c84fea, disableHiddenApiPolicyManagement: true, ignoreHiddenApiPolicyError: true, javascriptEnabled: true, locationContextEnabled: false, networkConnectionEnabled: true, newCommandTimeout: 300, noReset: true, pixelRatio: 3, platform: LINUX, platformName: Android, platformVersion: 13, statBarHeight: 107, takesScreenshot: true, udid: 7c84fea, viewportRect: {height: 2293, left: 0, top: 107, width: 1080}, warnings: {}, webStorageEnabled: false}
Session ID: eed7ae47-815d-43b4-a353-7d8045e6fe14
*** Element info: {Using=-android uiautomator, value=new UiSelector().description("0").instance(1)}
at org.openqa.selenium.remote.http.W3CHttpResponseCodec.createException(W3CHttpResponseCodec.java:187)
at org.openqa.selenium.remote.http.W3CHttpResponseCodec.decode(W3CHttpResponseCodec.java:122)
at org.openqa.selenium.remote.http.W3CHttpResponseCodec.decode(W3CHttpResponseCodec.java:49)
at org.openqa.selenium.remote.HttpCommandExecutor.execute(HttpCommandExecutor.java:158)
at io.appium.java_client.remote.AppiumCommandExecutor.execute(AppiumCommandExecutor.java:250)
at org.openqa.selenium.remote.RemoteWebDriver.execute(RemoteWebDriver.java:552)
at io.appium.java_client.DefaultGenericMobileDriver.execute(DefaultGenericMobileDriver.java:41)
at io.appium.java_client.AppiumDriver.execute(AppiumDriver.java:1)
at io.appium.java_client.android.AndroidDriver.execute(AndroidDriver.java:1)
at org.openqa.selenium.remote.RemoteWebDriver.findElement(RemoteWebDriver.java:323)
at io.appium.java_client.DefaultGenericMobileDriver.findElement(DefaultGenericMobileDriver.java:61)
at io.appium.java_client.AppiumDriver.findElement(AppiumDriver.java:1)
at io.appium.java_client.android.AndroidDriver.findElement(AndroidDriver.java:1)
at io.appium.java_client.FindsByAndroidUIAutomator.findElementByAndroidUIAutomator(FindsByAndroidUIAutomator.java:38)
at io.appium.java_client.MobileBy$ByAndroidUIAutomator.findElement(MobileBy.java:220)
at org.openqa.selenium.remote.RemoteWebDriver.findElement(RemoteWebDriver.java:315)
at io.appium.java_client.DefaultGenericMobileDriver.findElement(DefaultGenericMobileDriver.java:57)
at io.appium.java_client.AppiumDriver.findElement(AppiumDriver.java:1)
at io.appium.java_client.android.AndroidDriver.findElement(AndroidDriver.java:1)
at org.openqa.selenium.support.ui.ExpectedConditions$7.apply(ExpectedConditions.java:205)
at org.openqa.selenium.support.ui.ExpectedConditions$7.apply(ExpectedConditions.java:201)
at org.openqa.selenium.support.ui.FluentWait.until(FluentWait.java:249)
... 28 more
... Removed 28 stack frames]]>
    </failure>
  </testcase> <!-- TC_Login_2 -->
  <testcase classname="com.firstcryapp.test.Combined_FirstCry_App" name="TC_UserLogin_3" time="11.488">
    <failure type="org.openqa.selenium.TimeoutException" message="Expected condition failed: waiting for visibility of element located by By.AndroidUIAutomator: new UiSelector().text(&amp;quot;a&amp;quot;) (tried for 10 second(s) with 500 milliseconds interval)">
      <![CDATA[org.openqa.selenium.TimeoutException: Expected condition failed: waiting for visibility of element located by By.AndroidUIAutomator: new UiSelector().text("a") (tried for 10 second(s) with 500 milliseconds interval)
at org.openqa.selenium.support.ui.WebDriverWait.timeoutException(WebDriverWait.java:95)
at org.openqa.selenium.support.ui.FluentWait.until(FluentWait.java:272)
at com.firstcryapp.test.Combined_FirstCry_App.waitForElementByAndroidUIAutomator(Combined_FirstCry_App.java:73)
at com.firstcryapp.test.Combined_FirstCry_App.TC_UserLogin_3(Combined_FirstCry_App.java:125)
at java.base/java.util.ArrayList.forEach(ArrayList.java:1596)
Caused by: org.openqa.selenium.NoSuchElementException: An element could not be located on the page using the given search parameters.
For documentation on this error, please visit: https://www.seleniumhq.org/exceptions/no_such_element.html
Build info: version: '3.141.59', revision: 'e82be7d358', time: '2018-11-14T08:17:03'
System info: host: 'ASCENDI-CND5MG9', ip: '192.168.56.107', os.name: 'Windows 11', os.arch: 'amd64', os.version: '10.0', java.version: '21.0.8'
Driver info: io.appium.java_client.android.AndroidDriver
Capabilities {appActivity: com.android.calculator2.Cal..., appPackage: com.coloros.calculator, automationName: UiAutomator2, databaseEnabled: false, desired: {appActivity: com.android.calculator2.Cal..., appPackage: com.coloros.calculator, automationName: UiAutomator2, deviceName: OPPO F19s, disableHiddenApiPolicyManagement: true, ignoreHiddenApiPolicyError: true, newCommandTimeout: 300, noReset: true, platformName: android, platformVersion: 13, udid: 7c84fea}, deviceApiLevel: 33, deviceManufacturer: OPPO, deviceModel: CPH2223, deviceName: 7c84fea, deviceScreenDensity: 480, deviceScreenSize: 1080x2400, deviceUDID: 7c84fea, disableHiddenApiPolicyManagement: true, ignoreHiddenApiPolicyError: true, javascriptEnabled: true, locationContextEnabled: false, networkConnectionEnabled: true, newCommandTimeout: 300, noReset: true, pixelRatio: 3, platform: LINUX, platformName: Android, platformVersion: 13, statBarHeight: 107, takesScreenshot: true, udid: 7c84fea, viewportRect: {height: 2293, left: 0, top: 107, width: 1080}, warnings: {}, webStorageEnabled: false}
Session ID: eed7ae47-815d-43b4-a353-7d8045e6fe14
*** Element info: {Using=-android uiautomator, value=new UiSelector().text("a")}
at org.openqa.selenium.remote.http.W3CHttpResponseCodec.createException(W3CHttpResponseCodec.java:187)
at org.openqa.selenium.remote.http.W3CHttpResponseCodec.decode(W3CHttpResponseCodec.java:122)
at org.openqa.selenium.remote.http.W3CHttpResponseCodec.decode(W3CHttpResponseCodec.java:49)
at org.openqa.selenium.remote.HttpCommandExecutor.execute(HttpCommandExecutor.java:158)
at io.appium.java_client.remote.AppiumCommandExecutor.execute(AppiumCommandExecutor.java:250)
at org.openqa.selenium.remote.RemoteWebDriver.execute(RemoteWebDriver.java:552)
at io.appium.java_client.DefaultGenericMobileDriver.execute(DefaultGenericMobileDriver.java:41)
at io.appium.java_client.AppiumDriver.execute(AppiumDriver.java:1)
at io.appium.java_client.android.AndroidDriver.execute(AndroidDriver.java:1)
at org.openqa.selenium.remote.RemoteWebDriver.findElement(RemoteWebDriver.java:323)
at io.appium.java_client.DefaultGenericMobileDriver.findElement(DefaultGenericMobileDriver.java:61)
at io.appium.java_client.AppiumDriver.findElement(AppiumDriver.java:1)
at io.appium.java_client.android.AndroidDriver.findElement(AndroidDriver.java:1)
at io.appium.java_client.FindsByAndroidUIAutomator.findElementByAndroidUIAutomator(FindsByAndroidUIAutomator.java:38)
at io.appium.java_client.MobileBy$ByAndroidUIAutomator.findElement(MobileBy.java:220)
at org.openqa.selenium.remote.RemoteWebDriver.findElement(RemoteWebDriver.java:315)
at io.appium.java_client.DefaultGenericMobileDriver.findElement(DefaultGenericMobileDriver.java:57)
at io.appium.java_client.AppiumDriver.findElement(AppiumDriver.java:1)
at io.appium.java_client.android.AndroidDriver.findElement(AndroidDriver.java:1)
at org.openqa.selenium.support.ui.ExpectedConditions$7.apply(ExpectedConditions.java:205)
at org.openqa.selenium.support.ui.ExpectedConditions$7.apply(ExpectedConditions.java:201)
at org.openqa.selenium.support.ui.FluentWait.until(FluentWait.java:249)
... 28 more
... Removed 28 stack frames]]>
    </failure>
  </testcase> <!-- TC_UserLogin_3 -->
  <testcase classname="com.firstcryapp.test.Combined_FirstCry_App" name="TC_Search_4" time="10.201">
    <failure type="org.openqa.selenium.TimeoutException" message="Expected condition failed: waiting for visibility of element located by By.AndroidUIAutomator: new UiSelector().resourceId(&amp;quot;fc.admin.fcexpressadmin:id/ivSearchMenu&amp;quot;) (tried for 10 second(s) with 500 milliseconds interval)">
      <![CDATA[org.openqa.selenium.TimeoutException: Expected condition failed: waiting for visibility of element located by By.AndroidUIAutomator: new UiSelector().resourceId("fc.admin.fcexpressadmin:id/ivSearchMenu") (tried for 10 second(s) with 500 milliseconds interval)
at org.openqa.selenium.support.ui.WebDriverWait.timeoutException(WebDriverWait.java:95)
at org.openqa.selenium.support.ui.FluentWait.until(FluentWait.java:272)
at com.firstcryapp.test.Combined_FirstCry_App.waitForElementByAndroidUIAutomator(Combined_FirstCry_App.java:73)
at com.firstcryapp.test.Combined_FirstCry_App.TC_Search_4(Combined_FirstCry_App.java:149)
at java.base/java.util.ArrayList.forEach(ArrayList.java:1596)
Caused by: org.openqa.selenium.NoSuchElementException: An element could not be located on the page using the given search parameters.
For documentation on this error, please visit: https://www.seleniumhq.org/exceptions/no_such_element.html
Build info: version: '3.141.59', revision: 'e82be7d358', time: '2018-11-14T08:17:03'
System info: host: 'ASCENDI-CND5MG9', ip: '192.168.56.107', os.name: 'Windows 11', os.arch: 'amd64', os.version: '10.0', java.version: '21.0.8'
Driver info: io.appium.java_client.android.AndroidDriver
Capabilities {appActivity: com.android.calculator2.Cal..., appPackage: com.coloros.calculator, automationName: UiAutomator2, databaseEnabled: false, desired: {appActivity: com.android.calculator2.Cal..., appPackage: com.coloros.calculator, automationName: UiAutomator2, deviceName: OPPO F19s, disableHiddenApiPolicyManagement: true, ignoreHiddenApiPolicyError: true, newCommandTimeout: 300, noReset: true, platformName: android, platformVersion: 13, udid: 7c84fea}, deviceApiLevel: 33, deviceManufacturer: OPPO, deviceModel: CPH2223, deviceName: 7c84fea, deviceScreenDensity: 480, deviceScreenSize: 1080x2400, deviceUDID: 7c84fea, disableHiddenApiPolicyManagement: true, ignoreHiddenApiPolicyError: true, javascriptEnabled: true, locationContextEnabled: false, networkConnectionEnabled: true, newCommandTimeout: 300, noReset: true, pixelRatio: 3, platform: LINUX, platformName: Android, platformVersion: 13, statBarHeight: 107, takesScreenshot: true, udid: 7c84fea, viewportRect: {height: 2293, left: 0, top: 107, width: 1080}, warnings: {}, webStorageEnabled: false}
Session ID: eed7ae47-815d-43b4-a353-7d8045e6fe14
*** Element info: {Using=-android uiautomator, value=new UiSelector().resourceId("fc.admin.fcexpressadmin:id/ivSearchMenu")}
at org.openqa.selenium.remote.http.W3CHttpResponseCodec.createException(W3CHttpResponseCodec.java:187)
at org.openqa.selenium.remote.http.W3CHttpResponseCodec.decode(W3CHttpResponseCodec.java:122)
at org.openqa.selenium.remote.http.W3CHttpResponseCodec.decode(W3CHttpResponseCodec.java:49)
at org.openqa.selenium.remote.HttpCommandExecutor.execute(HttpCommandExecutor.java:158)
at io.appium.java_client.remote.AppiumCommandExecutor.execute(AppiumCommandExecutor.java:250)
at org.openqa.selenium.remote.RemoteWebDriver.execute(RemoteWebDriver.java:552)
at io.appium.java_client.DefaultGenericMobileDriver.execute(DefaultGenericMobileDriver.java:41)
at io.appium.java_client.AppiumDriver.execute(AppiumDriver.java:1)
at io.appium.java_client.android.AndroidDriver.execute(AndroidDriver.java:1)
at org.openqa.selenium.remote.RemoteWebDriver.findElement(RemoteWebDriver.java:323)
at io.appium.java_client.DefaultGenericMobileDriver.findElement(DefaultGenericMobileDriver.java:61)
at io.appium.java_client.AppiumDriver.findElement(AppiumDriver.java:1)
at io.appium.java_client.android.AndroidDriver.findElement(AndroidDriver.java:1)
at io.appium.java_client.FindsByAndroidUIAutomator.findElementByAndroidUIAutomator(FindsByAndroidUIAutomator.java:38)
at io.appium.java_client.MobileBy$ByAndroidUIAutomator.findElement(MobileBy.java:220)
at org.openqa.selenium.remote.RemoteWebDriver.findElement(RemoteWebDriver.java:315)
at io.appium.java_client.DefaultGenericMobileDriver.findElement(DefaultGenericMobileDriver.java:57)
at io.appium.java_client.AppiumDriver.findElement(AppiumDriver.java:1)
at io.appium.java_client.android.AndroidDriver.findElement(AndroidDriver.java:1)
at org.openqa.selenium.support.ui.ExpectedConditions$7.apply(ExpectedConditions.java:205)
at org.openqa.selenium.support.ui.ExpectedConditions$7.apply(ExpectedConditions.java:201)
at org.openqa.selenium.support.ui.FluentWait.until(FluentWait.java:249)
... 28 more
... Removed 28 stack frames]]>
    </failure>
  </testcase> <!-- TC_Search_4 -->
  <testcase classname="com.firstcryapp.test.Combined_FirstCry_App" name="TC_Whislist_5" time="4.317">
    <failure type="org.openqa.selenium.WebDriverException" message="Could not proxy command to the remote server. Original error: socket hang up
Build info: version: &amp;apos;3.141.59&amp;apos;, revision: &amp;apos;e82be7d358&amp;apos;, time: &amp;apos;2018-11-14T08:17:03&amp;apos;
System info: host: &amp;apos;ASCENDI-CND5MG9&amp;apos;, ip: &amp;apos;192.168.56.107&amp;apos;, os.name: &amp;apos;Windows 11&amp;apos;, os.arch: &amp;apos;amd64&amp;apos;, os.version: &amp;apos;10.0&amp;apos;, java.version: &amp;apos;21.0.8&amp;apos;
Driver info: io.appium.java_client.android.AndroidDriver
Capabilities {appActivity: com.android.calculator2.Cal..., appPackage: com.coloros.calculator, automationName: UiAutomator2, databaseEnabled: false, desired: {appActivity: com.android.calculator2.Cal..., appPackage: com.coloros.calculator, automationName: UiAutomator2, deviceName: OPPO F19s, disableHiddenApiPolicyManagement: true, ignoreHiddenApiPolicyError: true, newCommandTimeout: 300, noReset: true, platformName: android, platformVersion: 13, udid: 7c84fea}, deviceApiLevel: 33, deviceManufacturer: OPPO, deviceModel: CPH2223, deviceName: 7c84fea, deviceScreenDensity: 480, deviceScreenSize: 1080x2400, deviceUDID: 7c84fea, disableHiddenApiPolicyManagement: true, ignoreHiddenApiPolicyError: true, javascriptEnabled: true, locationContextEnabled: false, networkConnectionEnabled: true, newCommandTimeout: 300, noReset: true, pixelRatio: 3, platform: LINUX, platformName: Android, platformVersion: 13, statBarHeight: 107, takesScreenshot: true, udid: 7c84fea, viewportRect: {height: 2293, left: 0, top: 107, width: 1080}, warnings: {}, webStorageEnabled: false}
Session ID: eed7ae47-815d-43b4-a353-7d8045e6fe14
*** Element info: {Using=-android uiautomator, value=new UiSelector().className(&amp;quot;android.view.View&amp;quot;).instance(21)}">
      <![CDATA[org.openqa.selenium.WebDriverException: Could not proxy command to the remote server. Original error: socket hang up
Build info: version: '3.141.59', revision: 'e82be7d358', time: '2018-11-14T08:17:03'
System info: host: 'ASCENDI-CND5MG9', ip: '192.168.56.107', os.name: 'Windows 11', os.arch: 'amd64', os.version: '10.0', java.version: '21.0.8'
Driver info: io.appium.java_client.android.AndroidDriver
Capabilities {appActivity: com.android.calculator2.Cal..., appPackage: com.coloros.calculator, automationName: UiAutomator2, databaseEnabled: false, desired: {appActivity: com.android.calculator2.Cal..., appPackage: com.coloros.calculator, automationName: UiAutomator2, deviceName: OPPO F19s, disableHiddenApiPolicyManagement: true, ignoreHiddenApiPolicyError: true, newCommandTimeout: 300, noReset: true, platformName: android, platformVersion: 13, udid: 7c84fea}, deviceApiLevel: 33, deviceManufacturer: OPPO, deviceModel: CPH2223, deviceName: 7c84fea, deviceScreenDensity: 480, deviceScreenSize: 1080x2400, deviceUDID: 7c84fea, disableHiddenApiPolicyManagement: true, ignoreHiddenApiPolicyError: true, javascriptEnabled: true, locationContextEnabled: false, networkConnectionEnabled: true, newCommandTimeout: 300, noReset: true, pixelRatio: 3, platform: LINUX, platformName: Android, platformVersion: 13, statBarHeight: 107, takesScreenshot: true, udid: 7c84fea, viewportRect: {height: 2293, left: 0, top: 107, width: 1080}, warnings: {}, webStorageEnabled: false}
Session ID: eed7ae47-815d-43b4-a353-7d8045e6fe14
*** Element info: {Using=-android uiautomator, value=new UiSelector().className("android.view.View").instance(21)}
at org.openqa.selenium.remote.http.W3CHttpResponseCodec.createException(W3CHttpResponseCodec.java:187)
at org.openqa.selenium.remote.http.W3CHttpResponseCodec.decode(W3CHttpResponseCodec.java:122)
at org.openqa.selenium.remote.http.W3CHttpResponseCodec.decode(W3CHttpResponseCodec.java:49)
at org.openqa.selenium.remote.HttpCommandExecutor.execute(HttpCommandExecutor.java:158)
at io.appium.java_client.remote.AppiumCommandExecutor.execute(AppiumCommandExecutor.java:250)
at org.openqa.selenium.remote.RemoteWebDriver.execute(RemoteWebDriver.java:552)
at io.appium.java_client.DefaultGenericMobileDriver.execute(DefaultGenericMobileDriver.java:41)
at io.appium.java_client.AppiumDriver.execute(AppiumDriver.java:1)
at io.appium.java_client.android.AndroidDriver.execute(AndroidDriver.java:1)
at org.openqa.selenium.remote.RemoteWebDriver.findElement(RemoteWebDriver.java:323)
at io.appium.java_client.DefaultGenericMobileDriver.findElement(DefaultGenericMobileDriver.java:61)
at io.appium.java_client.AppiumDriver.findElement(AppiumDriver.java:1)
at io.appium.java_client.android.AndroidDriver.findElement(AndroidDriver.java:1)
at io.appium.java_client.FindsByAndroidUIAutomator.findElementByAndroidUIAutomator(FindsByAndroidUIAutomator.java:38)
at io.appium.java_client.MobileBy$ByAndroidUIAutomator.findElement(MobileBy.java:220)
at org.openqa.selenium.remote.RemoteWebDriver.findElement(RemoteWebDriver.java:315)
at io.appium.java_client.DefaultGenericMobileDriver.findElement(DefaultGenericMobileDriver.java:57)
at io.appium.java_client.AppiumDriver.findElement(AppiumDriver.java:1)
at io.appium.java_client.android.AndroidDriver.findElement(AndroidDriver.java:1)
at org.openqa.selenium.support.ui.ExpectedConditions$7.apply(ExpectedConditions.java:205)
at org.openqa.selenium.support.ui.ExpectedConditions$7.apply(ExpectedConditions.java:201)
at org.openqa.selenium.support.ui.FluentWait.until(FluentWait.java:249)
at com.firstcryapp.test.Combined_FirstCry_App.waitForElementByAndroidUIAutomator(Combined_FirstCry_App.java:73)
at com.firstcryapp.test.Combined_FirstCry_App.TC_Whislist_5(Combined_FirstCry_App.java:173)
at java.base/java.util.ArrayList.forEach(ArrayList.java:1596)
... Removed 28 stack frames]]>
    </failure>
  </testcase> <!-- TC_Whislist_5 -->
</testsuite> <!-- Test -->
