<?xml version="1.0" encoding="UTF-8"?>
<testng-results ignored="0" total="5" passed="5" failed="0" skipped="0">
  <reporter-output>
  </reporter-output>
  <suite started-at="2025-10-28T00:08:00 IST" name="Suite" finished-at="2025-10-28T00:09:26 IST" duration-ms="85656">
    <groups>
    </groups>
    <test started-at="2025-10-28T00:08:00 IST" name="Test" finished-at="2025-10-28T00:09:26 IST" duration-ms="85656">
      <class name="com.firstcry.test.spooflogin">
        <test-method is-config="true" signature="setupSuite()[pri:0, instance:com.firstcry.test.spooflogin@7770f470]" started-at="2025-10-28T00:07:58 IST" name="setupSuite" finished-at="2025-10-28T00:08:00 IST" duration-ms="1679" status="PASS">
          <reporter-output>
          </reporter-output>
        </test-method> <!-- setupSuite -->
        <test-method is-config="true" signature="setupTest(java.lang.reflect.Method)[pri:0, instance:com.firstcry.test.spooflogin@7770f470]" started-at="2025-10-28T00:08:00 IST" name="setupTest" finished-at="2025-10-28T00:08:00 IST" duration-ms="6" status="PASS">
          <params>
            <param index="0">
              <value>
                <![CDATA[public void com.firstcry.test.spooflogin.testLoginWithMobileNumberAndOTP() throws java.lang.InterruptedException]]>
              </value>
            </param>
          </params>
          <reporter-output>
          </reporter-output>
        </test-method> <!-- setupTest -->
        <test-method signature="testLoginWithMobileNumberAndOTP()[pri:0, instance:com.firstcry.test.spooflogin@7770f470]" started-at="2025-10-28T00:08:00 IST" name="testLoginWithMobileNumberAndOTP" finished-at="2025-10-28T00:08:38 IST" duration-ms="38013" status="PASS">
          <reporter-output>
          </reporter-output>
        </test-method> <!-- testLoginWithMobileNumberAndOTP -->
        <test-method is-config="true" signature="tearDownMethod(org.testng.ITestResult)[pri:0, instance:com.firstcry.test.spooflogin@7770f470]" started-at="2025-10-28T00:08:38 IST" name="tearDownMethod" finished-at="2025-10-28T00:08:38 IST" duration-ms="1" status="PASS">
          <params>
            <param index="0">
              <value>
                <![CDATA[[TestResult name=testLoginWithMobileNumberAndOTP status=SUCCESS method=spooflogin.testLoginWithMobileNumberAndOTP()[pri:0, instance:com.firstcry.test.spooflogin@7770f470] output={null}]]]>
              </value>
            </param>
          </params>
          <reporter-output>
          </reporter-output>
        </test-method> <!-- tearDownMethod -->
        <test-method is-config="true" signature="tearDownSuite()[pri:0, instance:com.firstcry.test.spooflogin@7770f470]" started-at="2025-10-28T00:09:26 IST" name="tearDownSuite" finished-at="2025-10-28T00:09:26 IST" duration-ms="31" status="PASS">
          <reporter-output>
          </reporter-output>
        </test-method> <!-- tearDownSuite -->
      </class> <!-- com.firstcry.test.spooflogin -->
      <class name="com.firstcry.test.spoofa2d">
        <test-method is-config="true" signature="setupTest(java.lang.reflect.Method)[pri:0, instance:com.firstcry.test.spoofa2d@a1f72f5]" started-at="2025-10-28T00:09:01 IST" name="setupTest" finished-at="2025-10-28T00:09:01 IST" duration-ms="0" status="PASS">
          <params>
            <param index="0">
              <value>
                <![CDATA[public void com.firstcry.test.spoofa2d.testAddingProductToAddtocart() throws java.lang.InterruptedException]]>
              </value>
            </param>
          </params>
          <reporter-output>
          </reporter-output>
        </test-method> <!-- setupTest -->
        <test-method signature="testAddingProductToAddtocart()[pri:0, instance:com.firstcry.test.spoofa2d@a1f72f5]" started-at="2025-10-28T00:09:01 IST" name="testAddingProductToAddtocart" finished-at="2025-10-28T00:09:10 IST" duration-ms="9329" status="PASS">
          <reporter-output>
          </reporter-output>
        </test-method> <!-- testAddingProductToAddtocart -->
        <test-method is-config="true" signature="flushReport()[pri:0, instance:com.firstcry.test.spoofa2d@a1f72f5]" started-at="2025-10-28T00:09:10 IST" name="flushReport" finished-at="2025-10-28T00:09:10 IST" duration-ms="57" status="PASS">
          <reporter-output>
          </reporter-output>
        </test-method> <!-- flushReport -->
        <test-method is-config="true" signature="tearDownMethod(org.testng.ITestResult)[pri:0, instance:com.firstcry.test.spoofa2d@a1f72f5]" started-at="2025-10-28T00:09:10 IST" name="tearDownMethod" finished-at="2025-10-28T00:09:10 IST" duration-ms="0" status="PASS">
          <params>
            <param index="0">
              <value>
                <![CDATA[[TestResult name=testAddingProductToAddtocart status=SUCCESS method=spoofa2d.testAddingProductToAddtocart()[pri:0, instance:com.firstcry.test.spoofa2d@a1f72f5] output={null}]]]>
              </value>
            </param>
          </params>
          <reporter-output>
          </reporter-output>
        </test-method> <!-- tearDownMethod -->
      </class> <!-- com.firstcry.test.spoofa2d -->
      <class name="com.firstcry.test.spoofwislist">
        <test-method is-config="true" signature="setupTest(java.lang.reflect.Method)[pri:0, instance:com.firstcry.test.spoofwislist@19976a65]" started-at="2025-10-28T00:08:50 IST" name="setupTest" finished-at="2025-10-28T00:08:50 IST" duration-ms="1" status="PASS">
          <params>
            <param index="0">
              <value>
                <![CDATA[public void com.firstcry.test.spoofwislist.testAddingProductToWishlist() throws java.lang.InterruptedException]]>
              </value>
            </param>
          </params>
          <reporter-output>
          </reporter-output>
        </test-method> <!-- setupTest -->
        <test-method signature="testAddingProductToWishlist()[pri:0, instance:com.firstcry.test.spoofwislist@19976a65]" started-at="2025-10-28T00:08:50 IST" name="testAddingProductToWishlist" finished-at="2025-10-28T00:09:01 IST" duration-ms="11045" status="PASS">
          <reporter-output>
          </reporter-output>
        </test-method> <!-- testAddingProductToWishlist -->
        <test-method is-config="true" signature="flushReport()[pri:0, instance:com.firstcry.test.spoofwislist@19976a65]" started-at="2025-10-28T00:09:01 IST" name="flushReport" finished-at="2025-10-28T00:09:01 IST" duration-ms="60" status="PASS">
          <reporter-output>
          </reporter-output>
        </test-method> <!-- flushReport -->
        <test-method is-config="true" signature="tearDownMethod(org.testng.ITestResult)[pri:0, instance:com.firstcry.test.spoofwislist@19976a65]" started-at="2025-10-28T00:09:01 IST" name="tearDownMethod" finished-at="2025-10-28T00:09:01 IST" duration-ms="0" status="PASS">
          <params>
            <param index="0">
              <value>
                <![CDATA[[TestResult name=testAddingProductToWishlist status=SUCCESS method=spoofwislist.testAddingProductToWishlist()[pri:0, instance:com.firstcry.test.spoofwislist@19976a65] output={null}]]]>
              </value>
            </param>
          </params>
          <reporter-output>
          </reporter-output>
        </test-method> <!-- tearDownMethod -->
      </class> <!-- com.firstcry.test.spoofwislist -->
      <class name="com.firstcry.test.spoofsearchtest">
        <test-method is-config="true" signature="setupTest(java.lang.reflect.Method)[pri:0, instance:com.firstcry.test.spoofsearchtest@1ebea008]" started-at="2025-10-28T00:08:38 IST" name="setupTest" finished-at="2025-10-28T00:08:38 IST" duration-ms="1" status="PASS">
          <params>
            <param index="0">
              <value>
                <![CDATA[public void com.firstcry.test.spoofsearchtest.searchbutton() throws java.lang.InterruptedException]]>
              </value>
            </param>
          </params>
          <reporter-output>
          </reporter-output>
        </test-method> <!-- setupTest -->
        <test-method signature="searchbutton()[pri:0, instance:com.firstcry.test.spoofsearchtest@1ebea008]" started-at="2025-10-28T00:08:38 IST" name="searchbutton" finished-at="2025-10-28T00:08:49 IST" duration-ms="11093" status="PASS">
          <reporter-output>
          </reporter-output>
        </test-method> <!-- searchbutton -->
        <test-method is-config="true" signature="flushReport()[pri:0, instance:com.firstcry.test.spoofsearchtest@1ebea008]" started-at="2025-10-28T00:08:49 IST" name="flushReport" finished-at="2025-10-28T00:08:50 IST" duration-ms="435" status="PASS">
          <reporter-output>
          </reporter-output>
        </test-method> <!-- flushReport -->
        <test-method is-config="true" signature="tearDownMethod(org.testng.ITestResult)[pri:0, instance:com.firstcry.test.spoofsearchtest@1ebea008]" started-at="2025-10-28T00:08:50 IST" name="tearDownMethod" finished-at="2025-10-28T00:08:50 IST" duration-ms="1" status="PASS">
          <params>
            <param index="0">
              <value>
                <![CDATA[[TestResult name=searchbutton status=SUCCESS method=spoofsearchtest.searchbutton()[pri:0, instance:com.firstcry.test.spoofsearchtest@1ebea008] output={null}]]]>
              </value>
            </param>
          </params>
          <reporter-output>
          </reporter-output>
        </test-method> <!-- tearDownMethod -->
      </class> <!-- com.firstcry.test.spoofsearchtest -->
      <class name="com.firstcry.test.WishlistToCart">
        <test-method is-config="true" signature="setupTest(java.lang.reflect.Method)[pri:0, instance:com.firstcry.test.WishlistToCart@4b2c5e02]" started-at="2025-10-28T00:09:10 IST" name="setupTest" finished-at="2025-10-28T00:09:10 IST" duration-ms="3" status="PASS">
          <params>
            <param index="0">
              <value>
                <![CDATA[public void com.firstcry.test.WishlistToCart.removeFromCart()]]>
              </value>
            </param>
          </params>
          <reporter-output>
          </reporter-output>
        </test-method> <!-- setupTest -->
        <test-method signature="removeFromCart()[pri:0, instance:com.firstcry.test.WishlistToCart@4b2c5e02]" started-at="2025-10-28T00:09:10 IST" name="removeFromCart" finished-at="2025-10-28T00:09:26 IST" duration-ms="15572" status="PASS">
          <reporter-output>
          </reporter-output>
        </test-method> <!-- removeFromCart -->
        <test-method is-config="true" signature="tearDownMethod(org.testng.ITestResult)[pri:0, instance:com.firstcry.test.WishlistToCart@4b2c5e02]" started-at="2025-10-28T00:09:26 IST" name="tearDownMethod" finished-at="2025-10-28T00:09:26 IST" duration-ms="0" status="PASS">
          <params>
            <param index="0">
              <value>
                <![CDATA[[TestResult name=removeFromCart status=SUCCESS method=WishlistToCart.removeFromCart()[pri:0, instance:com.firstcry.test.WishlistToCart@4b2c5e02] output={null}]]]>
              </value>
            </param>
          </params>
          <reporter-output>
          </reporter-output>
        </test-method> <!-- tearDownMethod -->
      </class> <!-- com.firstcry.test.WishlistToCart -->
    </test> <!-- Test -->
  </suite> <!-- Suite -->
</testng-results>
